[debug] [2023-11-23T10:34:56.032Z] ----------------------------------------------------------------------
[debug] [2023-11-23T10:34:56.040Z] Command:       C:\Program Files\nodejs\node.exe C:\Users\LyNxYs\AppData\Roaming\npm\node_modules\firebase-tools\lib\bin\firebase.js emulators:start --only hosting
[debug] [2023-11-23T10:34:56.042Z] CLI Version:   12.8.1
[debug] [2023-11-23T10:34:56.043Z] Platform:      win32
[debug] [2023-11-23T10:34:56.044Z] Node Version:  v18.17.1
[debug] [2023-11-23T10:34:56.046Z] Time:          Thu Nov 23 2023 18:34:56 GMT+0800 (Singapore Standard Time)
[debug] [2023-11-23T10:34:56.047Z] ----------------------------------------------------------------------
[debug] 
[debug] [2023-11-23T10:34:56.058Z] >>> [apiv2][query] GET https://firebase-public.firebaseio.com/cli.json [none]
[debug] [2023-11-23T10:34:56.886Z] > command requires scopes: ["email","openid","https://www.googleapis.com/auth/cloudplatformprojects.readonly","https://www.googleapis.com/auth/firebase","https://www.googleapis.com/auth/cloud-platform"]
[debug] [2023-11-23T10:34:56.888Z] > authorizing via signed-in user (fickery901@gmail.com)
[info] i  emulators: Starting emulators: hosting {"metadata":{"emulator":{"name":"hub"},"message":"Starting emulators: hosting"}}
[debug] [2023-11-23T10:34:56.963Z] [logging] Logging Emulator only supports listening on one address (127.0.0.1). Not listening on ::1
[debug] [2023-11-23T10:34:56.964Z] [hosting] Hosting Emulator only supports listening on one address (127.0.0.1). Not listening on ::1
[debug] [2023-11-23T10:34:56.965Z] assigned listening specs for emulators {"user":{"hub":[{"address":"127.0.0.1","family":"IPv4","port":4400},{"address":"::1","family":"IPv6","port":4400}],"logging":[{"address":"127.0.0.1","family":"IPv4","port":4500}],"hosting":[{"address":"127.0.0.1","family":"IPv4","port":5000}]},"metadata":{"message":"assigned listening specs for emulators"}}
[warn] !  emulators: It seems that you are running multiple instances of the emulator suite for project shutterclub-5813e. This may result in unexpected behavior. 
[debug] [2023-11-23T10:34:57.022Z] [hub] writing locator at C:\Users\LyNxYs\AppData\Local\Temp\hub-shutterclub-5813e.json
[debug] [2023-11-23T10:34:57.102Z] > refreshing access token with scopes: []
[debug] [2023-11-23T10:34:57.106Z] >>> [apiv2][query] POST https://www.googleapis.com/oauth2/v3/token [none]
[debug] [2023-11-23T10:34:57.106Z] >>> [apiv2][body] POST https://www.googleapis.com/oauth2/v3/token [omitted]
[debug] [2023-11-23T10:34:57.299Z] <<< [apiv2][status] POST https://www.googleapis.com/oauth2/v3/token 200
[debug] [2023-11-23T10:34:57.300Z] <<< [apiv2][body] POST https://www.googleapis.com/oauth2/v3/token [omitted]
[debug] [2023-11-23T10:34:57.316Z] >>> [apiv2][query] GET https://firebase.googleapis.com/v1beta1/projects/shutterclub-5813e [none]
[debug] [2023-11-23T10:34:57.634Z] <<< [apiv2][status] GET https://firebase-public.firebaseio.com/cli.json 200
[debug] [2023-11-23T10:34:57.634Z] <<< [apiv2][body] GET https://firebase-public.firebaseio.com/cli.json {"cloudBuildErrorAfter":1594252800000,"cloudBuildWarnAfter":1590019200000,"defaultNode10After":1594252800000,"minVersion":"3.0.5","node8DeploysDisabledAfter":1613390400000,"node8RuntimeDisabledAfter":1615809600000,"node8WarnAfter":1600128000000}
[debug] [2023-11-23T10:34:57.829Z] <<< [apiv2][status] GET https://firebase.googleapis.com/v1beta1/projects/shutterclub-5813e 200
[debug] [2023-11-23T10:34:57.829Z] <<< [apiv2][body] GET https://firebase.googleapis.com/v1beta1/projects/shutterclub-5813e {"projectId":"shutterclub-5813e","projectNumber":"1096816012037","displayName":"shutterclub","name":"projects/shutterclub-5813e","resources":{"hostingSite":"shutterclub-5813e","storageBucket":"shutterclub-5813e.appspot.com","locationId":"asia-southeast1"},"state":"ACTIVE","etag":"1_8f0d9f8a-4fa2-4552-9721-0458aca39ef8"}
[debug] [2023-11-23T10:35:15.060Z] >>> [apiv2][query] GET https://firebasehosting.googleapis.com/v1beta1/projects/shutterclub-5813e/sites pageToken=&pageSize=10
[debug] [2023-11-23T10:35:15.887Z] <<< [apiv2][status] GET https://firebasehosting.googleapis.com/v1beta1/projects/shutterclub-5813e/sites 200
[debug] [2023-11-23T10:35:15.887Z] <<< [apiv2][body] GET https://firebasehosting.googleapis.com/v1beta1/projects/shutterclub-5813e/sites {"sites":[{"name":"projects/shutterclub-5813e/sites/shutterclub-5813e","defaultUrl":"https://shutterclub-5813e.web.app","appId":"1:1096816012037:web:625a79d8801b4b8960256c","type":"DEFAULT_SITE"}]}
[debug] [2023-11-23T10:35:15.888Z] >>> [apiv2][query] GET https://firebase.googleapis.com/v1beta1/projects/-/webApps/1:1096816012037:web:625a79d8801b4b8960256c/config [none]
[debug] [2023-11-23T10:35:17.091Z] <<< [apiv2][status] GET https://firebase.googleapis.com/v1beta1/projects/-/webApps/1:1096816012037:web:625a79d8801b4b8960256c/config 200
[debug] [2023-11-23T10:35:17.091Z] <<< [apiv2][body] GET https://firebase.googleapis.com/v1beta1/projects/-/webApps/1:1096816012037:web:625a79d8801b4b8960256c/config {"projectId":"shutterclub-5813e","appId":"1:1096816012037:web:625a79d8801b4b8960256c","storageBucket":"shutterclub-5813e.appspot.com","locationId":"asia-southeast1","apiKey":"AIzaSyBvaRyKqG-lwpi8QjGAWMqKynciivUiLYo","authDomain":"shutterclub-5813e.firebaseapp.com","messagingSenderId":"1096816012037"}
[info] 
   Thank you for trying our early preview of Next.js support on Firebase Hosting.
   During the preview, support is best-effort and breaking changes can be expected. Proceed with caution.

   Documentation: https://firebase.google.com/docs/hosting/frameworks/nextjs
   File a bug: https://github.com/firebase/firebase-tools/issues/new?template=bug_report.md
   Submit a feature request: https://github.com/firebase/firebase-tools/issues/new?template=feature_request.md

   We'd love to learn from you. Express your interest in helping us shape the future of Firebase Hosting: https://goo.gle/41enW5X

[debug] [2023-11-23T10:35:58.191Z] [web frameworks] effective firebase.json:  {
  "hosting": [
    {
      "source": ".",
      "ignore": [
        "firebase.json",
        "**/.*",
        "**/node_modules/**"
      ],
      "frameworksBackend": {
        "region": "asia-east1"
      },
      "site": "shutterclub-5813e",
      "rewrites": [
        {
          "source": "**",
          "function": {
            "functionId": "ssrshutterclub5813e",
            "region": "asia-east1",
            "pinTag": true
          }
        }
      ],
      "redirects": [],
      "headers": [
        {
          "source": "**/*.[jt]s",
          "headers": [
            {
              "key": "Set-Cookie",
              "value": "__FIREBASE_DEFAULTS__=eyJjb25maWciOnsicHJvamVjdElkIjoic2h1dHRlcmNsdWItNTgxM2UiLCJhcHBJZCI6IjE6MTA5NjgxNjAxMjAzNzp3ZWI6NjI1YTc5ZDg4MDFiNGI4OTYwMjU2YyIsInN0b3JhZ2VCdWNrZXQiOiJzaHV0dGVyY2x1Yi01ODEzZS5hcHBzcG90LmNvbSIsImxvY2F0aW9uSWQiOiJhc2lhLXNvdXRoZWFzdDEiLCJhcGlLZXkiOiJBSXphU3lCdmFSeUtxRy1sd3BpOFFqR0FXTXFLeW5jaWl2VWlMWW8iLCJhdXRoRG9tYWluIjoic2h1dHRlcmNsdWItNTgxM2UuZmlyZWJhc2VhcHAuY29tIiwibWVzc2FnaW5nU2VuZGVySWQiOiIxMDk2ODE2MDEyMDM3In0sIl9hdXRoVG9rZW5TeW5jVVJMIjoiL19fc2Vzc2lvbiJ9; SameSite=Strict; Expires=2025-10-17T21:15:58.191Z; Path=/;"
            }
          ]
        }
      ],
      "cleanUrls": true,
      "public": "public",
      "webFramework": "next_ssr"
    }
  ],
  "functions": [
    {
      "source": ".firebase\\shutterclub-5813e\\functions",
      "codebase": "firebase-frameworks-shutterclub-5813e"
    }
  ]
}
[debug] [2023-11-23T10:35:58.209Z] [functions] Functions Emulator only supports listening on one address (127.0.0.1). Not listening on ::1
[debug] [2023-11-23T10:35:58.210Z] [eventarc] Eventarc Emulator only supports listening on one address (127.0.0.1). Not listening on ::1
[debug] [2023-11-23T10:35:58.210Z] late-assigned ports for functions and eventarc emulators {"user":{"hub":[{"address":"127.0.0.1","family":"IPv4","port":4400},{"address":"::1","family":"IPv6","port":4400}],"logging":[{"address":"127.0.0.1","family":"IPv4","port":4500}],"hosting":[{"address":"127.0.0.1","family":"IPv4","port":5000}],"functions":[{"address":"127.0.0.1","family":"IPv4","port":5001}],"eventarc":[{"address":"127.0.0.1","family":"IPv4","port":9299}]},"metadata":{"message":"late-assigned ports for functions and eventarc emulators"}}
[warn] !  functions: The following emulators are not running, calls to these services from the Functions emulator will affect production: auth, firestore, database, pubsub, storage {"metadata":{"emulator":{"name":"functions"},"message":"The following emulators are not running, calls to these services from the Functions emulator will affect production: \u001b[1mauth, firestore, database, pubsub, storage\u001b[22m"}}
[debug] [2023-11-23T10:35:58.219Z] defaultcredentials: writing to file C:\Users\LyNxYs\AppData\Roaming\firebase\fickery901_gmail_com_application_default_credentials.json
[debug] [2023-11-23T10:35:58.230Z] Setting GAC to C:\Users\LyNxYs\AppData\Roaming\firebase\fickery901_gmail_com_application_default_credentials.json {"metadata":{"emulator":{"name":"functions"},"message":"Setting GAC to C:\\Users\\LyNxYs\\AppData\\Roaming\\firebase\\fickery901_gmail_com_application_default_credentials.json"}}
[debug] [2023-11-23T10:35:58.234Z] >>> [apiv2][query] GET https://firebase.googleapis.com/v1beta1/projects/shutterclub-5813e/adminSdkConfig [none]
[debug] [2023-11-23T10:35:58.694Z] <<< [apiv2][status] GET https://firebase.googleapis.com/v1beta1/projects/shutterclub-5813e/adminSdkConfig 200
[debug] [2023-11-23T10:35:58.694Z] <<< [apiv2][body] GET https://firebase.googleapis.com/v1beta1/projects/shutterclub-5813e/adminSdkConfig {"projectId":"shutterclub-5813e","storageBucket":"shutterclub-5813e.appspot.com","locationId":"asia-southeast1"}
[debug] [2023-11-23T10:35:58.723Z] >>> [apiv2][query] GET https://firebasehosting.googleapis.com/v1beta1/projects/shutterclub-5813e/sites 
[debug] [2023-11-23T10:35:59.500Z] <<< [apiv2][status] GET https://firebasehosting.googleapis.com/v1beta1/projects/shutterclub-5813e/sites 200
[debug] [2023-11-23T10:35:59.500Z] <<< [apiv2][body] GET https://firebasehosting.googleapis.com/v1beta1/projects/shutterclub-5813e/sites {"sites":[{"name":"projects/shutterclub-5813e/sites/shutterclub-5813e","defaultUrl":"https://shutterclub-5813e.web.app","appId":"1:1096816012037:web:625a79d8801b4b8960256c","type":"DEFAULT_SITE"}]}
[debug] [2023-11-23T10:35:59.501Z] >>> [apiv2][query] GET https://firebase.googleapis.com/v1beta1/projects/shutterclub-5813e/webApps/1:1096816012037:web:625a79d8801b4b8960256c/config [none]
[debug] [2023-11-23T10:36:00.548Z] <<< [apiv2][status] GET https://firebase.googleapis.com/v1beta1/projects/shutterclub-5813e/webApps/1:1096816012037:web:625a79d8801b4b8960256c/config 200
[debug] [2023-11-23T10:36:00.548Z] <<< [apiv2][body] GET https://firebase.googleapis.com/v1beta1/projects/shutterclub-5813e/webApps/1:1096816012037:web:625a79d8801b4b8960256c/config {"projectId":"shutterclub-5813e","appId":"1:1096816012037:web:625a79d8801b4b8960256c","storageBucket":"shutterclub-5813e.appspot.com","locationId":"asia-southeast1","apiKey":"AIzaSyBvaRyKqG-lwpi8QjGAWMqKynciivUiLYo","authDomain":"shutterclub-5813e.firebaseapp.com","messagingSenderId":"1096816012037"}
[info] i  hosting[shutterclub-5813e]: Serving hosting files from: public {"metadata":{"emulator":{"name":"hosting"},"message":"Serving hosting files from: \u001b[1mpublic\u001b[22m"}}
[info] +  hosting[shutterclub-5813e]: Local server: http://127.0.0.1:5000 {"metadata":{"emulator":{"name":"hosting"},"message":"Local server: \u001b[4m\u001b[1mhttp://127.0.0.1:5000\u001b[22m\u001b[24m"}}
[info] i  functions: Watching "C:\Users\LyNxYs\Desktop\PROG\Projects\shuttleclub\.firebase\shutterclub-5813e\functions" for Cloud Functions... {"metadata":{"emulator":{"name":"functions"},"message":"Watching \"C:\\Users\\LyNxYs\\Desktop\\PROG\\Projects\\shuttleclub\\.firebase\\shutterclub-5813e\\functions\" for Cloud Functions..."}}
[debug] [2023-11-23T10:36:00.612Z] Validating nodejs source
[debug] [2023-11-23T10:36:03.742Z] > [functions] package.json contents: {
  "main": "server.js",
  "dependencies": {
    "firebase-frameworks": "^0.10.4",
    "firebase-functions": "^4.3.0",
    "firebase-admin": "^11.0.1"
  },
  "engines": {
    "node": "18"
  }
}
[debug] [2023-11-23T10:36:03.743Z] Building nodejs source
[debug] [2023-11-23T10:36:03.744Z] Failed to find version of module node: reached end of search path C:\Users\LyNxYs\Desktop\PROG\Projects\shuttleclub\.firebase\shutterclub-5813e\functions\node_modules
[info] +  functions: Using node@18 from host. 
[info] i  functions: Loaded environment variables from .env. 
[debug] [2023-11-23T10:36:03.752Z] Could not find functions.yaml. Must use http discovery
[debug] [2023-11-23T10:36:03.777Z] Found firebase-functions binary at 'C:\Users\LyNxYs\Desktop\PROG\Projects\shuttleclub\.firebase\shutterclub-5813e\functions\node_modules\.bin\firebase-functions'
[info] Serving at port 8590

[debug] [2023-11-23T10:36:05.087Z] Got response from /__/functions.yaml {"endpoints":{"ssrshutterclub5813e":{"availableMemoryMb":null,"timeoutSeconds":null,"minInstances":null,"maxInstances":null,"ingressSettings":null,"concurrency":null,"serviceAccountEmail":null,"vpc":null,"platform":"gcfv2","region":["asia-east1"],"labels":{},"httpsTrigger":{},"entryPoint":"ssrshutterclub5813e"}},"specVersion":"v1alpha1","requiredAPIs":[]}
[info] +  functions: Loaded functions definitions from source: ssrshutterclub5813e. {"metadata":{"emulator":{"name":"functions"},"message":"Loaded functions definitions from source: ssrshutterclub5813e."}}
[info] +  functions[asia-east1-ssrshutterclub5813e]: http function initialized (http://127.0.0.1:5001/shutterclub-5813e/asia-east1/ssrshutterclub5813e). {"metadata":{"emulator":{"name":"functions"},"message":"\u001b[1mhttp\u001b[22m function initialized (http://127.0.0.1:5001/shutterclub-5813e/asia-east1/ssrshutterclub5813e)."}}
[info] 
┌─────────────────────────────────────────────────────────────┐
│ ✔  All emulators ready! It is now safe to connect your app. │
└─────────────────────────────────────────────────────────────┘

┌───────────┬────────────────┐
│ Emulator  │ Host:Port      │
├───────────┼────────────────┤
│ Functions │ 127.0.0.1:5001 │
├───────────┼────────────────┤
│ Hosting   │ 127.0.0.1:5000 │
└───────────┴────────────────┘
  Emulator Hub running at 127.0.0.1:4400
  Other reserved ports: 4500

Issues? Report them at https://github.com/firebase/firebase-tools/issues and attach the *-debug.log files.
 
